  SocketClient.c
c:\users\adi\desktop\oldgit\isp-projects\4\ex4\ex4\socketclient.c(145): warning C4013: 'MainPrintBoard' undefined; assuming extern returning int
c:\users\adi\desktop\oldgit\isp-projects\4\ex4\ex4\socketclient.c(184): warning C4267: '=': conversion from 'size_t' to 'int', possible loss of data
c:\users\adi\desktop\oldgit\isp-projects\4\ex4\ex4\socketclient.c(34): warning C4101: 'SendRes': unreferenced local variable
c:\users\adi\desktop\oldgit\isp-projects\4\ex4\ex4\socketclient.c(218): warning C4101: 'i': unreferenced local variable
c:\users\adi\desktop\oldgit\isp-projects\4\ex4\ex4\socketclient.c(212): warning C4101: 'valid_word': unreferenced local variable
c:\users\adi\desktop\oldgit\isp-projects\4\ex4\ex4\socketclient.c(324): warning C4033: 'UserInputThread' must return a value
c:\users\adi\desktop\oldgit\isp-projects\4\ex4\ex4\socketclient.c(329): warning C4047: '==': 'int' differs in levels of indirection from 'char *'
c:\users\adi\desktop\oldgit\isp-projects\4\ex4\ex4\socketclient.c(329): warning C4033: 'UserInputThread' must return a value
  SocketServer.c
c:\users\adi\desktop\oldgit\isp-projects\4\ex4\ex4\socketserver.h(18): warning C4042: 'usersSemaphore': has bad storage class
c:\users\adi\desktop\oldgit\isp-projects\4\ex4\ex4\socketserver.h(18): warning C4042: 'serverIsBusySemaphore': has bad storage class
c:\users\adi\desktop\oldgit\isp-projects\4\ex4\ex4\socketserver.h(18): warning C4042: 'printGameStartSemaphore': has bad storage class
c:\users\adi\desktop\oldgit\isp-projects\4\ex4\ex4\socketserver.c(231): warning C4311: 'type cast': pointer truncation from 'SOCKET *' to 'int'
c:\users\adi\desktop\oldgit\isp-projects\4\ex4\ex4\socketserver.c(242): warning C4311: 'type cast': pointer truncation from 'SOCKET *' to 'int'
c:\users\adi\desktop\oldgit\isp-projects\4\ex4\ex4\socketserver.c(307): warning C4267: '=': conversion from 'size_t' to 'int', possible loss of data
c:\users\adi\desktop\oldgit\isp-projects\4\ex4\ex4\socketserver.c(545): warning C4042: 'usersSemaphore': has bad storage class
c:\users\adi\desktop\oldgit\isp-projects\4\ex4\ex4\socketserver.c(545): warning C4042: 'delaySemaphore': has bad storage class
c:\users\adi\desktop\oldgit\isp-projects\4\ex4\ex4\socketserver.c(545): warning C4042: 'gameStartSemaphore': has bad storage class
  Generating Code...
c:\users\adi\desktop\oldgit\isp-projects\4\ex4\ex4\socketserver.c(320): warning C4715: 'ServerClientMassegeControl': not all control paths return a value
c:\users\adi\desktop\oldgit\isp-projects\4\ex4\ex4\socketclient.c(336): warning C4715: 'UserInputThread': not all control paths return a value
  ex4.vcxproj -> C:\Users\Adi\Desktop\oldGit\ISP-projects\4\ex4\x64\Debug\ex4.exe
