  log.c
c:\users\rtuchman\documents\studies\year e\semester a\מבוא לתכנות מערכות\isp-projects\2\ex2\ex2\test_exe.h(20): warning C4030: first formal parameter list longer than the second list
c:\users\rtuchman\documents\studies\year e\semester a\מבוא לתכנות מערכות\isp-projects\2\ex2\ex2\log.c(33): warning C4020: 'WriteTestLine': too many actual parameters
c:\users\rtuchman\documents\studies\year e\semester a\מבוא לתכנות מערכות\isp-projects\2\ex2\ex2\log.c(41): warning C4029: declared formal parameter list different from definition
  main.c
c:\users\rtuchman\documents\studies\year e\semester a\מבוא לתכנות מערכות\isp-projects\2\ex2\ex2\test_exe.h(20): warning C4030: first formal parameter list longer than the second list
c:\users\rtuchman\documents\studies\year e\semester a\מבוא לתכנות מערכות\isp-projects\2\ex2\ex2\main.c(42): warning C4098: 'main': 'void' function returning a value
c:\users\rtuchman\documents\studies\year e\semester a\מבוא לתכנות מערכות\isp-projects\2\ex2\ex2\main.c(62): warning C4098: 'main': 'void' function returning a value
c:\users\rtuchman\documents\studies\year e\semester a\מבוא לתכנות מערכות\isp-projects\2\ex2\ex2\main.c(77): warning C4098: 'main': 'void' function returning a value
c:\users\rtuchman\documents\studies\year e\semester a\מבוא לתכנות מערכות\isp-projects\2\ex2\ex2\main.c(86): warning C4098: 'main': 'void' function returning a value
c:\users\rtuchman\documents\studies\year e\semester a\מבוא לתכנות מערכות\isp-projects\2\ex2\ex2\main.c(95): warning C4098: 'main': 'void' function returning a value
c:\users\rtuchman\documents\studies\year e\semester a\מבוא לתכנות מערכות\isp-projects\2\ex2\ex2\main.c(100): warning C4098: 'main': 'void' function returning a value
c:\users\rtuchman\documents\studies\year e\semester a\מבוא לתכנות מערכות\isp-projects\2\ex2\ex2\main.c(35): warning C4101: 'exitCodeforthread': unreferenced local variable
  system_functions.c
  test_exe.c
c:\users\rtuchman\documents\studies\year e\semester a\מבוא לתכנות מערכות\isp-projects\2\ex2\ex2\test_exe.c(53): warning C4047: 'function': 'char *' differs in levels of indirection from 'char **'
c:\users\rtuchman\documents\studies\year e\semester a\מבוא לתכנות מערכות\isp-projects\2\ex2\ex2\test_exe.c(53): warning C4024: 'FindLastSpace': different types for formal and actual parameter 1
c:\users\rtuchman\documents\studies\year e\semester a\מבוא לתכנות מערכות\isp-projects\2\ex2\ex2\test_exe.c(157): warning C4047: 'function': 'char *' differs in levels of indirection from 'char *[10]'
c:\users\rtuchman\documents\studies\year e\semester a\מבוא לתכנות מערכות\isp-projects\2\ex2\ex2\test_exe.c(157): warning C4024: 'strncpy': different types for formal and actual parameter 1
c:\users\rtuchman\documents\studies\year e\semester a\מבוא לתכנות מערכות\isp-projects\2\ex2\ex2\test_exe.c(159): warning C4047: 'function': 'const char *' differs in levels of indirection from 'char *[10]'
c:\users\rtuchman\documents\studies\year e\semester a\מבוא לתכנות מערכות\isp-projects\2\ex2\ex2\test_exe.c(159): warning C4024: 'atoi': different types for formal and actual parameter 1
c:\users\rtuchman\documents\studies\year e\semester a\מבוא לתכנות מערכות\isp-projects\2\ex2\ex2\test_exe.c(155): warning C4244: 'initializing': conversion from '__int64' to 'int', possible loss of data
c:\users\rtuchman\documents\studies\year e\semester a\מבוא לתכנות מערכות\isp-projects\2\ex2\ex2\test_exe.c(168): warning C4028: formal parameter 1 different from declaration
  Generating Code...
c:\users\rtuchman\documents\studies\year e\semester a\מבוא לתכנות מערכות\isp-projects\2\ex2\ex2\test_exe.c(108): warning C4715: 'test_exe': not all control paths return a value
  ex2.vcxproj -> C:\Users\rtuchman\Documents\Studies\Year E\Semester A\מבוא לתכנות מערכות\ISP-projects\2\ex2\x64\Debug\ex2.exe
